05-11-2023 09:39:13.9937213 INFO: Author: Adrian Phung
05-11-2023 09:39:13.9938034 INFO: Copyright QRT 2023
05-11-2023 09:39:13.9938630 INFO: Application to simulate logging output of important production processes for use as part of the data feed analysis challenge
05-11-2023 09:39:13.9939169 INFO: durhack 2023
05-11-2023 09:39:13.9939680 INFO: The messages above must be included in all distributed files generated by this application.
05-11-2023 09:39:13.9940188 INFO: =============================================================================================================================
05-11-2023 09:39:13.9940761 ERROR: Unexpected field in message MSG-414213 from exchange (Knight), reverting previous processing
05-11-2023 09:39:13.9941309 WARN: Feed group for exchange {Knight} missing starting group GP-5623, exchange response: Did not know we were supposed to do this, better get this implementated ASAP!!!
05-11-2023 09:39:15.8834337 DEBUG: Received ping from server *Unicorn*
05-11-2023 09:39:15.8836682 WARN: Received unexpected code {three} from server {Dragon}
05-11-2023 09:39:15.8837757 DEBUG: Sending keep alive to exchange *Rook*
05-11-2023 09:39:15.8838760 DEBUG: Continuing to process order *delete*
05-11-2023 09:39:15.8839532 DEBUG: Received ping from server *Unicorn*
05-11-2023 09:39:15.8840305 ERROR: No message from exchange (Rook) for over 73us, sending heartbeat and reconnection request
05-11-2023 09:39:15.8841117 WARN: Delay of 095us in receiving response from server {Unicorn}, halting order processing from exchange {Rook}
05-11-2023 09:39:16.9905223 DEBUG: Recreating message with new code NEWC-04
05-11-2023 09:39:16.9906926 DEBUG: Exiting unimportant code area
05-11-2023 09:39:16.9907774 DEBUG: Received heartbeat from exchange *Bishop*
05-11-2023 09:39:17.0215580 DEBUG: Pinging server *Griffin*
05-11-2023 09:39:17.0217475 DEBUG: String processing of order *update*
05-11-2023 09:39:17.0218458 INFO: Starting processing of order [update]
05-11-2023 09:39:17.0219387 OTHER: The most beautiful thing we can experience is the mysterious. It is the source of all true art and science - Einstein, Albert
05-11-2023 09:39:17.0220629 ERROR: No message from exchange (Rook) for over 8801us, sending heartbeat and reconnection request
05-11-2023 09:39:17.0221557 INFO: Starting batch mode for exchange [Rook]
05-11-2023 09:39:17.0222473 DEBUG: Finished loop
05-11-2023 09:39:17.0223351 INFO: Aggregating tick from exchange [Rook] to [Unicorn]
05-11-2023 09:39:18.4400142 DEBUG: Useless debug message, because dubug is full of these
05-11-2023 09:39:18.4401834 DEBUG: Recreating message with new code NEWC-68872
05-11-2023 09:39:18.4402668 OTHER: Nature hides her secrets because of her essential loftiness, but not by means of ruse - Einstein, Albert
05-11-2023 09:39:18.4403457 ERROR: Unexpected field in message MSG-42096 from exchange (Bishop), reverting previous processing
05-11-2023 09:39:19.3302178 OTHER: The lower you are, the higher your mind will want to soar.
05-11-2023 09:39:20.5843729 DEBUG: Starting loop
05-11-2023 09:39:20.5845594 DEBUG: Received ping from server *Griffin*
05-11-2023 09:39:20.5846430 DEBUG: Received ping from server *Dragon*
05-11-2023 09:39:20.5847226 DEBUG: Exiting unimportant code area
05-11-2023 09:39:20.5848166 DEBUG: Continuing to process order *additional_info*
05-11-2023 09:39:21.5343735 DEBUG: Useless debug message, because dubug is full of these
05-11-2023 09:39:21.9272543 DEBUG: Received heartbeat from exchange *Bishop*
05-11-2023 09:39:21.9274429 DEBUG: Continuing to process order *add*
05-11-2023 09:39:21.9275291 OTHER: When you realize nothing is lacking, the whole world belongs to you. - Lao Tzu
05-11-2023 09:39:21.9896026 INFO: Creating additional connection object for exchange [Bishop]
05-11-2023 09:39:21.9898217 DEBUG: Pinging server *Griffin*
05-11-2023 09:39:21.9899079 INFO: Starting processing of order [timing]
05-11-2023 09:39:21.9899881 DEBUG: String processing of order *additional_info*
05-11-2023 09:39:21.9900685 INFO: Sending order type [additional_info] to exchange [Bishop]
05-11-2023 09:39:21.9901448 WARN: Unable to create order {delete} due to waiting batch response from exchange {Bishop}
05-11-2023 09:39:21.9903463 ERROR: Receiving data a few usec slower now, microwave playing up again
05-11-2023 09:39:23.7904835 DEBUG: Received ping from server *Dragon*
05-11-2023 09:39:23.7906788 DEBUG: Entering unimportant code area!!!
05-11-2023 09:39:23.7908116 DEBUG: String processing of order *delete*
05-11-2023 09:39:23.7908963 DEBUG: Sending keep alive to exchange *Queen*
05-11-2023 09:39:23.7909955 INFO: Aggregating tick from exchange [Bishop] to [Dragon]
05-11-2023 09:39:23.7910934 DEBUG: Entering unimportant code area!!!
05-11-2023 09:39:23.7911720 ERROR: Unable to find order ORD-980785 sent to exchange (Bishop)
05-11-2023 09:39:23.7912654 OTHER: Have unit tests in your code on github listed on CV's it shows better software engineering
05-11-2023 09:39:24.0725549 DEBUG: Continuing to process order *add*
05-11-2023 09:39:24.0727953 ERROR: Unable to contact server (Dragon), this keeps happening can someone from X team please fix this
05-11-2023 09:39:24.0729510 OTHER: Know evcerything thats is on the CV, looks bad if you cannot answer questions about things on your own CV
05-11-2023 09:39:24.0730728 INFO: Unable to commmunicate with transport from [Griffin] for code [two]
05-11-2023 09:39:24.0731519 DEBUG: Pinging server *Griffin*
05-11-2023 09:39:24.0732439 INFO: Checking for consistency of processing times between [Dragon] and [Griffin]
05-11-2023 09:39:24.0733876 INFO: Received awake call from server [Phoenix] with code [eight]
05-11-2023 09:39:25.3271221 ERROR: Received Unknown error from exchange (Bishop), message: This should never happen, now we are in trouble!!!
05-11-2023 09:39:25.3273461 ERROR: Unable to contact server (Dragon), this keeps happening can someone from X team please fix this
05-11-2023 09:39:25.3274390 DEBUG: Entering unimportant code area!!!
05-11-2023 09:39:25.3275202 DEBUG: Pinging server *Griffin*
05-11-2023 09:39:25.3275977 ERROR: Unexpected field in message MSG-696718 from exchange (King), reverting previous processing
05-11-2023 09:39:25.6753145 OTHER: Mathematics seems to endow one with something like a new sense - Darwin, Charles
05-11-2023 09:39:25.6755539 DEBUG: Starting loop
05-11-2023 09:39:25.6757083 DEBUG: Finished loop
05-11-2023 09:39:25.6758486 DEBUG: Received heartbeat from exchange *Knight*
05-11-2023 09:39:25.6760161 DEBUG: Recreating message with new code NEWC-75
05-11-2023 09:39:27.0829529 DEBUG: Pinging server *Griffin*
05-11-2023 09:39:27.0830932 DEBUG: Received heartbeat from exchange *Knight*
05-11-2023 09:39:27.0831541 INFO: Requesting resend of message from server [Unicorn] with code [ten]
05-11-2023 09:39:27.0832130 WARN: Received unexpected code {one} from server {Dragon}
05-11-2023 09:39:27.0832676 INFO: Checking for consistency of processing times between [Unicorn] and [Griffin]
05-11-2023 09:39:27.0833201 DEBUG: Useless debug message, because dubug is full of these
05-11-2023 09:39:28.7208594 INFO: Sleeping for 376ms, because there is nothing to do
05-11-2023 09:39:28.7210641 DEBUG: Entering unimportant code area!!!
05-11-2023 09:39:28.7211812 OTHER: Don't forget to design your code to be plugable, ie extra features can be added via a simple extendable interface
05-11-2023 09:39:28.7213226 CRIT: Exchange <Knight>, issue received: This is bad!!!, this is above my pay grade we are going to lose alot of money because of this, i'm going to bail out!!!
05-11-2023 09:39:28.7214531 INFO: Checking for consistency of processing times between [Griffin] and [Unicorn]
05-11-2023 09:39:28.7215835 INFO: Starting batch mode for exchange [Queen]
05-11-2023 09:39:28.7217087 DEBUG: Useless debug message, because dubug is full of these
05-11-2023 09:39:30.1381118 INFO: Creating additional connection object for exchange [Bishop]
05-11-2023 09:39:30.1382578 ERROR: Receiving data a few usec slower now, microwave playing up again
05-11-2023 09:39:30.2457755 ERROR: Receiving data a few usec slower now, microwave playing up again
05-11-2023 09:39:30.2459979 DEBUG: String processing of order *additional_info*
05-11-2023 09:39:32.2454934 DEBUG: String processing of order *update*
05-11-2023 09:39:32.2456980 DEBUG: Starting loop
05-11-2023 09:39:32.2457960 DEBUG: Sending keep alive to exchange *Rook*
05-11-2023 09:39:32.2458850 INFO: Received awake call from server [Dragon] with code [six]
05-11-2023 09:39:32.2459723 INFO: Received reponse from exchange [Bishop] for [update] with id [RSP-9480]
05-11-2023 09:39:33.8659241 DEBUG: Sending keep alive to exchange *Rook*
05-11-2023 09:39:34.3945622 INFO: Aggregating tick from exchange [Bishop] to [Phoenix]
05-11-2023 09:39:34.3948946 DEBUG: Continuing to process order *delete*
05-11-2023 09:39:34.3949782 DEBUG: Recreating message with new code NEWC-73176
05-11-2023 09:39:34.3950564 INFO: Aggregating tick from exchange [King] to [Unicorn]
05-11-2023 09:39:34.3951329 DEBUG: String processing of order *update*
05-11-2023 09:39:34.3952079 INFO: Unable to commmunicate with transport from [Griffin] for code [eight]
05-11-2023 09:39:34.3952811 DEBUG: Entering unimportant code area!!!
05-11-2023 09:39:34.3953548 INFO: Checking for consistency of processing times between [Dragon] and [Griffin]
05-11-2023 09:39:34.3954288 OTHER: When you realize nothing is lacking, the whole world belongs to you. - Lao Tzu
05-11-2023 09:39:34.3955571 INFO: Checking for consistency of processing times between [Dragon] and [Phoenix]
05-11-2023 09:39:36.0040066 INFO: Unable to commmunicate with transport from [Dragon] for code [five]
05-11-2023 09:39:36.0042016 INFO: Starting processing of order [delete]
05-11-2023 09:39:36.7192870 DEBUG: Pinging server *Phoenix*
05-11-2023 09:39:36.7194694 INFO: Creating additional connection object for exchange [Queen]
05-11-2023 09:39:36.7195539 INFO: Aggregating tick from exchange [Knight] to [Griffin]
05-11-2023 09:39:36.7196331 DEBUG: Received code: *two* what should i do with this?
05-11-2023 09:39:36.7197084 DEBUG: Creating exchange message: *delete* for exchange *Queen*
05-11-2023 09:39:36.7198118 DEBUG: Received code: *six* what should i do with this?
05-11-2023 09:39:36.7198912 INFO: Unable to commmunicate with transport from [Phoenix] for code [two]
05-11-2023 09:39:36.7199666 INFO: Received reponse from exchange [Rook] for [delete] with id [RSP-67973]
05-11-2023 09:39:36.7200412 INFO: Received awake call from server [Unicorn] with code [seven]
05-11-2023 09:39:37.7827327 OTHER: All that we are, is the result of what we have thought. The mind is everything. What we think, we become. - Buddha
05-11-2023 09:39:37.7829245 CRIT: Uncaught excpetion : <Rook> - No one is supposed to see this, but oh dear we matched the wrong orders!!!
05-11-2023 09:39:37.7830286 ERROR: Received Unknown error from exchange (Bishop), message: This should never happen, now we are in trouble!!!
05-11-2023 09:39:37.7831140 ERROR: Unexpected field in message MSG-79907 from exchange (Bishop), reverting previous processing
05-11-2023 09:39:37.7831933 DEBUG: Exiting unimportant code area
05-11-2023 09:39:37.7832660 DEBUG: Starting loop
05-11-2023 09:39:37.7833177 INFO: Received reponse from exchange [Queen] for [additional_info] with id [RSP-32]
05-11-2023 09:39:37.7833676 OTHER: If you give a github repo in your CV make sure to have someone review the code, recruiters will look at the code
05-11-2023 09:39:37.7834199 INFO: Checking for consistency of processing times between [Phoenix] and [Unicorn]
05-11-2023 09:39:39.4207373 ERROR: Unexpected field in message MSG-4784 from exchange (Queen), reverting previous processing
05-11-2023 09:39:39.4209227 DEBUG: Creating exchange message: *additional_info* for exchange *Bishop*
05-11-2023 09:39:39.4210404 DEBUG: Received ping from server *Dragon*
05-11-2023 09:39:39.4211199 INFO: Aggregating tick from exchange [Knight] to [Dragon]
05-11-2023 09:39:39.4211992 DEBUG: Pinging server *Griffin*
05-11-2023 09:39:40.2009536 DEBUG: Continuing to process order *delete*
05-11-2023 09:39:40.2013526 INFO: Writing raw data to file for order code [two] message id: ORD-621070
05-11-2023 09:39:40.2014927 DEBUG: Exiting unimportant code area
05-11-2023 09:39:40.2016166 DEBUG: Pinging server *Dragon*
05-11-2023 09:39:40.2017254 DEBUG: Starting loop
05-11-2023 09:39:40.2018045 CRIT: Uncaught excpetion : <Rook> - No one is supposed to see this, but oh dear we matched the wrong orders!!!
05-11-2023 09:39:41.9193264 WARN: Delay of 388503us in receiving response from server {Griffin}, halting order processing from exchange {Bishop}
05-11-2023 09:39:41.9195178 INFO: Sleeping for 8753ms, because there is nothing to do
05-11-2023 09:39:41.9196036 DEBUG: Recreating message with new code NEWC-4327
05-11-2023 09:39:41.9196830 DEBUG: String processing of order *additional_info*
05-11-2023 09:39:41.9197652 INFO: Unable to commmunicate with transport from [Griffin] for code [two]
05-11-2023 09:39:41.9199298 INFO: Requesting resend of message from server [Phoenix] with code [ten]
05-11-2023 09:39:41.9200213 DEBUG: Received ping from server *Griffin*
05-11-2023 09:39:41.9200993 DEBUG: Received heartbeat from exchange *Bishop*
05-11-2023 09:39:41.9201740 DEBUG: Exiting unimportant code area
05-11-2023 09:39:42.9932914 DEBUG: Exiting unimportant code area
05-11-2023 09:39:42.9935074 DEBUG: Pinging server *Unicorn*
05-11-2023 09:39:42.9935980 DEBUG: Starting loop
05-11-2023 09:39:42.9936769 ERROR: Unable to find order ORD-641572 sent to exchange (Bishop)
05-11-2023 09:39:42.9937533 DEBUG: Exiting unimportant code area
05-11-2023 09:39:42.9938295 INFO: Unable to commmunicate with transport from [Griffin] for code [seven]
05-11-2023 09:39:42.9939036 DEBUG: String processing of order *delete*
05-11-2023 09:39:42.9939773 INFO: Received awake call from server [Griffin] with code [eight]
05-11-2023 09:39:42.9940524 DEBUG: Finished loop
05-11-2023 09:39:43.6790024 DEBUG: Recreating message with new code NEWC-735013
05-11-2023 09:39:43.6792027 ERROR: No message from exchange (Knight) for over 8462us, sending heartbeat and reconnection request
05-11-2023 09:39:43.6793017 DEBUG: Entering unimportant code area!!!
05-11-2023 09:39:43.6793915 DEBUG: Creating exchange message: *add* for exchange *Rook*
05-11-2023 09:39:43.6795037 DEBUG: Continuing to process order *delete*
05-11-2023 09:39:43.6795958 DEBUG: String processing of order *timing*
05-11-2023 09:39:44.4270883 ERROR: Receiving data a few usec slower now, microwave playing up again
05-11-2023 09:39:44.4272988 DEBUG: Finished loop
05-11-2023 09:39:44.4273866 ERROR: Unable to contact server (Phoenix), this keeps happening can someone from X team please fix this
05-11-2023 09:39:44.4274794 OTHER: Have unit tests in your code on github listed on CV's it shows better software engineering
05-11-2023 09:39:44.4275566 ERROR: No message from exchange (King) for over 309us, sending heartbeat and reconnection request
05-11-2023 09:39:44.4276318 ERROR: Received Unknown error from exchange (Queen), message: This should never happen, now we are in trouble!!!
05-11-2023 09:39:44.4277063 INFO: Received awake call from server [Phoenix] with code [six]
05-11-2023 09:39:44.4277802 ERROR: Unable to contact server (Dragon), this keeps happening can someone from X team please fix this
05-11-2023 09:39:44.4278541 INFO: Sleeping for 122970ms, because there is nothing to do
05-11-2023 09:39:45.6683378 OTHER: All true artists, whether they know it or not, create from a place of no-mind, from inner stillness. – Eckhart Tolle
05-11-2023 09:39:45.6685797 DEBUG: Useless debug message, because dubug is full of these
05-11-2023 09:39:45.6687069 DEBUG: String processing of order *update*
05-11-2023 09:39:45.6687911 ERROR: Unexpected field in message MSG-24924 from exchange (Knight), reverting previous processing
05-11-2023 09:39:45.6688659 INFO: Starting batch mode for exchange [Bishop]
05-11-2023 09:39:45.6689389 DEBUG: Recreating message with new code NEWC-836
05-11-2023 09:39:45.6690115 DEBUG: Continuing to process order *delete*
05-11-2023 09:39:45.6690848 DEBUG: Sending keep alive to exchange *Bishop*
05-11-2023 09:39:45.6691846 DEBUG: String processing of order *add*
05-11-2023 09:39:45.6692636 INFO: Sending order type [update] to exchange [Rook]
05-11-2023 09:39:46.0573669 INFO: Creating additional connection object for exchange [Rook]
05-11-2023 09:39:46.0575228 DEBUG: Pinging server *Phoenix*
05-11-2023 09:39:47.6446331 DEBUG: Received ping from server *Griffin*
05-11-2023 09:39:47.6448739 WARN: Delay of 055850us in receiving response from server {Dragon}, halting order processing from exchange {Bishop}
05-11-2023 09:39:47.6450264 INFO: Sending order type [additional_info] to exchange [Rook]
05-11-2023 09:39:47.6451783 ERROR: Un-requested message from exchange (Bishop): ooops this was not suppoed to happen, what are we supposed to do now!!!
05-11-2023 09:39:48.3614009 DEBUG: Sending keep alive to exchange *King*
05-11-2023 09:39:48.3615767 OTHER: When you realize nothing is lacking, the whole world belongs to you. - Lao Tzu
05-11-2023 09:39:48.3616567 INFO: Received reponse from exchange [King] for [delete] with id [RSP-737212]
05-11-2023 09:39:48.3617326 ERROR: Unable to contact server (Phoenix), this keeps happening can someone from X team please fix this
05-11-2023 09:39:48.3618109 DEBUG: Creating exchange message: *add* for exchange *Rook*
05-11-2023 09:39:48.3618876 OTHER: Following good software engineering, ie have some unit tests, it'll save you so much time in the long run
05-11-2023 09:39:48.3619617 ERROR: No message from exchange (Queen) for over 64us, sending heartbeat and reconnection request
05-11-2023 09:39:48.7072742 INFO: Sleeping for 412149ms, because there is nothing to do
05-11-2023 09:39:48.7074873 DEBUG: Continuing to process order *timing*
05-11-2023 09:39:48.7075973 INFO: Starting batch mode for exchange [King]
05-11-2023 09:39:48.7076862 DEBUG: Pinging server *Griffin*
05-11-2023 09:39:49.1106373 OTHER: The most beautiful thing we can experience is the mysterious. It is the source of all true art and science - Einstein, Albert
05-11-2023 09:39:49.1108146 ERROR: Un-requested message from exchange (Knight): ooops this was not suppoed to happen, what are we supposed to do now!!!
05-11-2023 09:39:49.1109032 ERROR: No message from exchange (Queen) for over 70us, sending heartbeat and reconnection request
05-11-2023 09:39:49.1109851 ERROR: Received Unknown error from exchange (Rook), message: This should never happen, now we are in trouble!!!
05-11-2023 09:39:49.1110672 DEBUG: Entering unimportant code area!!!
05-11-2023 09:39:49.1111461 DEBUG: Creating exchange message: *timing* for exchange *Bishop*
05-11-2023 09:39:49.1112234 ERROR: Un-requested message from exchange (King): ooops this was not suppoed to happen, what are we supposed to do now!!!
05-11-2023 09:39:49.1113002 DEBUG: Recreating message with new code NEWC-99
05-11-2023 09:39:49.1113772 INFO: Aggregating tick from exchange [Queen] to [Dragon]
05-11-2023 09:39:49.1114647 INFO: Received reponse from exchange [Queen] for [delete] with id [RSP-9358]
05-11-2023 09:39:49.9496829 INFO: Starting batch mode for exchange [Queen]
05-11-2023 09:39:49.9498640 INFO: Unable to commmunicate with transport from [Phoenix] for code [one]
05-11-2023 09:39:49.9499446 DEBUG: Starting loop
05-11-2023 09:39:49.9500215 INFO: Sleeping for 314132ms, because there is nothing to do
05-11-2023 09:39:49.9500967 INFO: Starting processing of order [add]
05-11-2023 09:39:49.9501710 WARN: Received out of order message from exchange {Bishop}
05-11-2023 09:39:49.9502450 INFO: Starting processing of order [timing]
05-11-2023 09:39:49.9503232 WARN: Reconnection request received from {Dragon}, sleeping 22ms before reconnecting
05-11-2023 09:39:50.9838784 DEBUG: Creating exchange message: *add* for exchange *King*
05-11-2023 09:39:50.9841344 INFO: Received awake call from server [Phoenix] with code [eight]
05-11-2023 09:39:50.9842341 INFO: Sleeping for 665927ms, because there is nothing to do
05-11-2023 09:39:50.9843277 DEBUG: Received code: *two* what should i do with this?
05-11-2023 09:39:50.9844660 OTHER: One must be deeply aware of the impermanence of the world.
05-11-2023 09:39:52.3952651 DEBUG: Received heartbeat from exchange *King*
05-11-2023 09:39:54.2742462 DEBUG: Received code: *nine* what should i do with this?
05-11-2023 09:39:54.2745012 DEBUG: Finished loop
05-11-2023 09:39:54.2746317 DEBUG: Starting loop
05-11-2023 09:39:54.2747165 INFO: Received awake call from server [Griffin] with code [eight]
05-11-2023 09:39:54.2747977 INFO: Unable to commmunicate with transport from [Griffin] for code [four]
05-11-2023 09:39:54.2748750 INFO: Sleeping for 505ms, because there is nothing to do
05-11-2023 09:39:54.2749481 DEBUG: Received heartbeat from exchange *Knight*
05-11-2023 09:39:54.2750228 DEBUG: Continuing to process order *timing*
05-11-2023 09:39:54.3373679 INFO: Writing raw data to file for order code [ten] message id: ORD-59275
05-11-2023 09:39:54.3375624 DEBUG: Received ping from server *Unicorn*
05-11-2023 09:39:54.3376444 DEBUG: Received heartbeat from exchange *King*
05-11-2023 09:39:54.3377237 DEBUG: Useless debug message, because dubug is full of these
05-11-2023 09:39:54.4947237 ERROR: Received Unknown error from exchange (Queen), message: This should never happen, now we are in trouble!!!
05-11-2023 09:39:54.4949560 INFO: Sending order type [additional_info] to exchange [Queen]
05-11-2023 09:39:54.4950442 OTHER: If there is mention of any performance on your CV make sure you can back it up ie benchmarks
05-11-2023 09:39:54.4951545 INFO: Sleeping for 579995ms, because there is nothing to do
05-11-2023 09:39:56.4219139 DEBUG: Finished loop
05-11-2023 09:39:56.4221028 DEBUG: Useless debug message, because dubug is full of these
05-11-2023 09:39:57.4250375 OTHER: All that we are, is the result of what we have thought. The mind is everything. What we think, we become. - Buddha
05-11-2023 09:39:57.4252261 DEBUG: Starting loop
05-11-2023 09:39:57.4253056 DEBUG: Continuing to process order *delete*
05-11-2023 09:39:57.4253838 INFO: Checking for consistency of processing times between [Unicorn] and [Griffin]
05-11-2023 09:39:57.4254574 DEBUG: Exiting unimportant code area
05-11-2023 09:39:57.4255307 INFO: Starting processing of order [update]
05-11-2023 09:39:57.4256040 INFO: Aggregating tick from exchange [Bishop] to [Griffin]
05-11-2023 09:39:57.4256810 ERROR: Received Unknown error from exchange (Knight), message: This should never happen, now we are in trouble!!!
05-11-2023 09:39:57.4257567 INFO: Starting batch mode for exchange [Rook]
05-11-2023 09:39:57.4258295 DEBUG: Sending keep alive to exchange *Rook*
05-11-2023 09:39:59.2144978 CRIT: Servers <Unicorn> and <Dragon> are both down!!!! now we are running at half capacity in a busy marketReceived order <delete> for code <ten> errr that wasn't supposed to happen
05-11-2023 09:39:59.2146985 OTHER: All that we are, is the result of what we have thought. The mind is everything. What we think, we become. - Buddha
05-11-2023 09:39:59.2147810 INFO: Sending order type [delete] to exchange [King]
05-11-2023 09:39:59.2148579 INFO: Writing raw data to file for order code [two] message id: ORD-0501
05-11-2023 09:39:59.2149324 DEBUG: Received code: *four* what should i do with this?
05-11-2023 09:39:59.2150055 DEBUG: Creating exchange message: *delete* for exchange *Queen*
05-11-2023 09:40:01.1332150 INFO: Starting processing of order [timing]
05-11-2023 09:40:01.1334138 INFO: Sleeping for 15ms, because there is nothing to do
05-11-2023 09:40:01.1335082 DEBUG: Exiting unimportant code area
05-11-2023 09:40:02.9497652 ERROR: Unexpected field in message MSG-2782 from exchange (Knight), reverting previous processing
05-11-2023 09:40:02.9499648 OTHER: Let go, or be dragged - Zen Proverb
05-11-2023 09:40:02.9500497 DEBUG: Exiting unimportant code area
05-11-2023 09:40:02.9501349 DEBUG: Finished loop
05-11-2023 09:40:02.9502159 DEBUG: Exiting unimportant code area
05-11-2023 09:40:02.9502896 DEBUG: Entering unimportant code area!!!
05-11-2023 09:40:02.9503643 DEBUG: Starting loop
05-11-2023 09:40:02.9504369 INFO: Creating additional connection object for exchange [King]
05-11-2023 09:40:02.9505093 DEBUG: Pinging server *Phoenix*
05-11-2023 09:40:04.9157258 DEBUG: Recreating message with new code NEWC-060571
05-11-2023 09:40:04.9159548 INFO: Aggregating tick from exchange [King] to [Unicorn]
05-11-2023 09:40:04.9160826 INFO: Sleeping for 4701ms, because there is nothing to do
05-11-2023 09:40:05.5578270 ERROR: Unable to contact server (Unicorn), this keeps happening can someone from X team please fix this
05-11-2023 09:40:05.5580739 OTHER: Irrationality is the square root of all evil - Douglas Hofstadter
05-11-2023 09:40:07.5261722 INFO: Unable to commmunicate with transport from [Unicorn] for code [one]
05-11-2023 09:40:09.4591708 WARN: Feed group for exchange {King} missing starting group GP-095, exchange response: Did not know we were supposed to do this, better get this implementated ASAP!!!
05-11-2023 09:40:09.4594045 DEBUG: String processing of order *delete*
05-11-2023 09:40:09.4595476 WARN: Reconnection request received from {Unicorn}, sleeping 59ms before reconnecting
05-11-2023 09:40:10.9274704 WARN: Received out of order message from exchange {Knight}
05-11-2023 09:40:10.9277212 DEBUG: Starting loop
05-11-2023 09:40:10.9278095 ERROR: Receiving data a few usec slower now, microwave playing up again
05-11-2023 09:40:10.9278867 ERROR: Received Unknown error from exchange (King), message: This should never happen, now we are in trouble!!!
05-11-2023 09:40:11.3990520 DEBUG: Received ping from server *Dragon*
05-11-2023 09:40:11.3992639 WARN: Received out of order message from exchange {Bishop}
05-11-2023 09:40:11.3993459 INFO: Writing raw data to file for order code [one] message id: ORD-9716
05-11-2023 09:40:11.3994217 INFO: Received awake call from server [Phoenix] with code [eight]
05-11-2023 09:40:11.3995026 DEBUG: String processing of order *additional_info*
05-11-2023 09:40:11.3996038 DEBUG: Continuing to process order *timing*
05-11-2023 09:40:11.3996810 INFO: Starting batch mode for exchange [King]
05-11-2023 09:40:11.3997555 INFO: Requesting resend of message from server [Phoenix] with code [two]
05-11-2023 09:40:11.3998291 INFO: Aggregating tick from exchange [Bishop] to [Unicorn]
05-11-2023 09:40:11.3999132 DEBUG: String processing of order *update*
05-11-2023 09:40:11.4458163 DEBUG: Pinging server *Griffin*
05-11-2023 09:40:11.4460212 INFO: Starting batch mode for exchange [Queen]
05-11-2023 09:40:11.4461230 INFO: Sleeping for 0597ms, because there is nothing to do
05-11-2023 09:40:11.4462052 INFO: Received awake call from server [Dragon] with code [four]
05-11-2023 09:40:11.4462813 DEBUG: Starting loop
05-11-2023 09:40:11.4463786 DEBUG: Entering unimportant code area!!!
05-11-2023 09:40:11.4464526 DEBUG: String processing of order *update*
05-11-2023 09:40:11.4465263 OTHER: When your own life is threatened, your sense of empathy is blunted by a terrible, selfish hunger for survival
05-11-2023 09:40:11.4466000 DEBUG: Useless debug message, because dubug is full of these
05-11-2023 09:40:11.4466725 DEBUG: Recreating message with new code NEWC-027
05-11-2023 09:40:11.9166010 DEBUG: Continuing to process order *timing*
05-11-2023 09:40:11.9168696 INFO: Sleeping for 453459ms, because there is nothing to do
05-11-2023 09:40:11.9169813 DEBUG: Received code: *five* what should i do with this?
05-11-2023 09:40:11.9171153 DEBUG: Received ping from server *Phoenix*
05-11-2023 09:40:11.9172389 ERROR: Unable to contact server (Phoenix), this keeps happening can someone from X team please fix this
05-11-2023 09:40:12.0279714 DEBUG: Recreating message with new code NEWC-686201
05-11-2023 09:40:13.3146226 INFO: Starting batch mode for exchange [Knight]
05-11-2023 09:40:13.3148609 ERROR: Receiving data a few usec slower now, microwave playing up again
05-11-2023 09:40:13.3149441 DEBUG: Finished loop
05-11-2023 09:40:13.3150439 ERROR: Un-requested message from exchange (Rook): ooops this was not suppoed to happen, what are we supposed to do now!!!
05-11-2023 09:40:13.3151233 DEBUG: Entering unimportant code area!!!
05-11-2023 09:40:13.3151995 WARN: {Griffin} slow consumer, no response for 472us, throttling message to server
05-11-2023 09:40:13.3152722 DEBUG: Received heartbeat from exchange *Queen*
05-11-2023 09:40:13.8922378 INFO: Aggregating tick from exchange [King] to [Phoenix]
05-11-2023 09:40:13.8924158 INFO: Starting processing of order [delete]
05-11-2023 09:40:13.8925351 INFO: Creating additional connection object for exchange [King]
05-11-2023 09:40:13.8926166 DEBUG: Entering unimportant code area!!!
05-11-2023 09:40:13.8926912 DEBUG: Continuing to process order *update*
05-11-2023 09:40:15.6829738 ERROR: Receiving data a few usec slower now, microwave playing up again
05-11-2023 09:40:15.6831736 DEBUG: Continuing to process order *add*
05-11-2023 09:40:15.9486560 DEBUG: Finished loop
05-11-2023 09:40:15.9488515 INFO: Requesting resend of message from server [Griffin] with code [seven]
05-11-2023 09:40:15.9489388 DEBUG: Finished loop
05-11-2023 09:40:15.9490173 DEBUG: Entering unimportant code area!!!
05-11-2023 09:40:15.9490960 DEBUG: Received heartbeat from exchange *Knight*
05-11-2023 09:40:17.1682843 DEBUG: Received code: *seven* what should i do with this?
05-11-2023 09:40:17.1685340 DEBUG: Received heartbeat from exchange *Bishop*
05-11-2023 09:40:17.1686180 INFO: Aggregating tick from exchange [King] to [Phoenix]
05-11-2023 09:40:17.1686958 ERROR: Unable to contact server (Griffin), this keeps happening can someone from X team please fix this
05-11-2023 09:40:17.1687728 WARN: Feed group for exchange {Queen} missing starting group GP-8517, exchange response: Did not know we were supposed to do this, better get this implementated ASAP!!!
05-11-2023 09:40:19.1628283 INFO: Aggregating tick from exchange [Queen] to [Griffin]
05-11-2023 09:40:19.1630746 ERROR: Unable to contact server (Dragon), this keeps happening can someone from X team please fix this
05-11-2023 09:40:19.1631855 DEBUG: Pinging server *Unicorn*
05-11-2023 09:40:19.1632931 DEBUG: Received heartbeat from exchange *Bishop*
05-11-2023 09:40:19.1634009 ERROR: Received Unknown error from exchange (Rook), message: This should never happen, now we are in trouble!!!
05-11-2023 09:40:19.1635172 INFO: Received awake call from server [Phoenix] with code [one]
05-11-2023 09:40:19.1636106 INFO: Writing raw data to file for order code [four] message id: ORD-4186
05-11-2023 09:40:19.1636864 OTHER: It is all a matter of time scale. An event that would be unthinkable in a hundred years may be inevitable in a hundred million years - Carl Sagan
05-11-2023 09:40:19.1637677 DEBUG: Useless debug message, because dubug is full of these
05-11-2023 09:40:19.1638458 OTHER: Have unit tests in your code on github listed on CV's it shows better software engineering
05-11-2023 09:40:20.7211232 ERROR: No message from exchange (Rook) for over 408us, sending heartbeat and reconnection request
05-11-2023 09:40:20.7214269 DEBUG: Sending keep alive to exchange *Knight*
05-11-2023 09:40:20.7215470 INFO: Starting batch mode for exchange [Rook]
05-11-2023 09:40:22.2918801 INFO: Sending order type [timing] to exchange [Knight]
05-11-2023 09:40:22.2920845 INFO: Writing raw data to file for order code [six] message id: ORD-891986
05-11-2023 09:40:22.2921742 DEBUG: Received code: *one* what should i do with this?
05-11-2023 09:40:22.2922566 INFO: Sleeping for 095ms, because there is nothing to do
05-11-2023 09:40:23.6294562 ERROR: No message from exchange (Rook) for over 5232us, sending heartbeat and reconnection request
05-11-2023 09:40:23.6296690 INFO: Aggregating tick from exchange [King] to [Griffin]
05-11-2023 09:40:23.9854962 DEBUG: Entering unimportant code area!!!
05-11-2023 09:40:23.9857217 DEBUG: Recreating message with new code NEWC-923048
05-11-2023 09:40:23.9858433 DEBUG: Received ping from server *Phoenix*
05-11-2023 09:40:23.9859646 INFO: Starting batch mode for exchange [Knight]
05-11-2023 09:40:23.9860437 DEBUG: String processing of order *update*
05-11-2023 09:40:23.9861177 DEBUG: Starting loop
05-11-2023 09:40:23.9861920 ERROR: No message from exchange (King) for over 43us, sending heartbeat and reconnection request
05-11-2023 09:40:23.9862654 DEBUG: Pinging server *Unicorn*
05-11-2023 09:40:25.5403578 DEBUG: Recreating message with new code NEWC-08
05-11-2023 09:40:25.5405767 OTHER: Irrationality is the square root of all evil - Douglas Hofstadter
05-11-2023 09:40:26.1799917 DEBUG: Exiting unimportant code area
05-11-2023 09:40:26.1802862 INFO: Requesting resend of message from server [Phoenix] with code [one]
05-11-2023 09:40:26.1803797 DEBUG: Entering unimportant code area!!!
05-11-2023 09:40:26.1804813 INFO: Starting processing of order [timing]
05-11-2023 09:40:26.1805560 DEBUG: Received code: *eight* what should i do with this?
05-11-2023 09:40:26.1806289 DEBUG: Useless debug message, because dubug is full of these
05-11-2023 09:40:26.1807012 DEBUG: Starting loop
05-11-2023 09:40:26.1807747 ERROR: Receiving data a few usec slower now, microwave playing up again
05-11-2023 09:40:26.1808468 DEBUG: Received heartbeat from exchange *Rook*
05-11-2023 09:40:27.7446950 INFO: Unable to commmunicate with transport from [Dragon] for code [one]
05-11-2023 09:40:27.7449112 DEBUG: Continuing to process order *timing*
05-11-2023 09:40:27.7450109 DEBUG: Pinging server *Dragon*
05-11-2023 09:40:27.7450904 OTHER: The lower you are, the higher your mind will want to soar.
05-11-2023 09:40:27.7451692 ERROR: Unable to contact server (Phoenix), this keeps happening can someone from X team please fix this
05-11-2023 09:40:27.7452434 DEBUG: Sending keep alive to exchange *King*
05-11-2023 09:40:27.7453259 ERROR: Un-requested message from exchange (Queen): ooops this was not suppoed to happen, what are we supposed to do now!!!
05-11-2023 09:40:27.7454025 ERROR: Received Unknown error from exchange (Queen), message: This should never happen, now we are in trouble!!!
05-11-2023 09:40:27.7454751 DEBUG: Received heartbeat from exchange *King*
05-11-2023 09:40:27.7455482 DEBUG: Recreating message with new code NEWC-71432
05-11-2023 09:40:28.7282697 DEBUG: Useless debug message, because dubug is full of these
05-11-2023 09:40:28.7284632 ERROR: Un-requested message from exchange (Queen): ooops this was not suppoed to happen, what are we supposed to do now!!!
05-11-2023 09:40:28.7285498 ERROR: Unable to find order ORD-145083 sent to exchange (Queen)
05-11-2023 09:40:28.7286294 INFO: Received reponse from exchange [King] for [timing] with id [RSP-976260]
05-11-2023 09:40:28.7287073 DEBUG: Continuing to process order *delete*
05-11-2023 09:40:28.8062925 INFO: Sleeping for 362ms, because there is nothing to do
05-11-2023 09:40:28.8065256 INFO: Received awake call from server [Unicorn] with code [nine]
05-11-2023 09:40:28.8066144 DEBUG: Received code: *eight* what should i do with this?
05-11-2023 09:40:28.8067330 OTHER: Let go, or be dragged - Zen Proverb
05-11-2023 09:40:28.8068552 DEBUG: Creating exchange message: *update* for exchange *Bishop*
05-11-2023 09:40:28.8069567 CRIT: Uncaught excpetion : <Queen> - No one is supposed to see this, but oh dear we matched the wrong orders!!!
05-11-2023 09:40:28.8070405 DEBUG: String processing of order *timing*
05-11-2023 09:40:28.8071249 INFO: Writing raw data to file for order code [one] message id: ORD-7995
05-11-2023 09:40:28.8072090 DEBUG: Useless debug message, because dubug is full of these
05-11-2023 09:40:29.4901828 DEBUG: String processing of order *update*
05-11-2023 09:40:29.4903631 INFO: Received reponse from exchange [Queen] for [timing] with id [RSP-2514]
05-11-2023 09:40:30.1934827 CRIT: Wow this is serious exchange <Bishop> has not ack'ed our order ORD-079 at all!!!!
05-11-2023 09:40:31.6111059 INFO: Requesting resend of message from server [Dragon] with code [ten]
05-11-2023 09:40:31.6113311 DEBUG: Sending keep alive to exchange *Rook*
05-11-2023 09:40:31.6114470 DEBUG: Creating exchange message: *update* for exchange *King*
05-11-2023 09:40:31.6115260 DEBUG: Sending keep alive to exchange *Knight*
05-11-2023 09:40:31.6116040 INFO: Starting batch mode for exchange [King]
05-11-2023 09:40:31.6116785 DEBUG: Creating exchange message: *add* for exchange *Rook*
05-11-2023 09:40:31.6117515 INFO: Unable to commmunicate with transport from [Phoenix] for code [one]
05-11-2023 09:40:31.6118248 ERROR: Un-requested message from exchange (Queen): ooops this was not suppoed to happen, what are we supposed to do now!!!
05-11-2023 09:40:32.2014997 DEBUG: Finished loop
05-11-2023 09:40:32.2017117 ERROR: Unable to find order ORD-8968 sent to exchange (Knight)
05-11-2023 09:40:32.2018137 INFO: Starting processing of order [timing]
05-11-2023 09:40:33.2987278 ERROR: Received Unknown error from exchange (Knight), message: This should never happen, now we are in trouble!!!
05-11-2023 09:40:33.2989024 DEBUG: Received ping from server *Dragon*
05-11-2023 09:40:33.2989880 DEBUG: Pinging server *Unicorn*
05-11-2023 09:40:33.4870970 ERROR: Unable to find order ORD-725 sent to exchange (Bishop)
05-11-2023 09:40:33.4873036 ERROR: Unexpected field in message MSG-3396 from exchange (Knight), reverting previous processing
05-11-2023 09:40:33.4873870 WARN: Delay of 54us in receiving response from server {Dragon}, halting order processing from exchange {Bishop}
05-11-2023 09:40:34.8781570 DEBUG: Recreating message with new code NEWC-633180
05-11-2023 09:40:34.8783754 DEBUG: Received heartbeat from exchange *Knight*
05-11-2023 09:40:34.8784973 DEBUG: Received code: *nine* what should i do with this?
05-11-2023 09:40:34.8785749 INFO: Starting processing of order [timing]
05-11-2023 09:40:34.8786496 DEBUG: String processing of order *delete*
05-11-2023 09:40:34.8787277 OTHER: It is all a matter of time scale. An event that would be unthinkable in a hundred years may be inevitable in a hundred million years - Carl Sagan
05-11-2023 09:40:34.8787997 INFO: Starting processing of order [update]
05-11-2023 09:40:34.8788736 DEBUG: Creating exchange message: *delete* for exchange *King*
05-11-2023 09:40:34.8789457 DEBUG: Creating exchange message: *add* for exchange *Queen*
05-11-2023 09:40:34.8790176 DEBUG: Received heartbeat from exchange *Rook*
05-11-2023 09:40:36.0504586 DEBUG: Pinging server *Dragon*
05-11-2023 09:40:36.0506521 DEBUG: String processing of order *add*
05-11-2023 09:40:36.0507327 DEBUG: Sending keep alive to exchange *Queen*
05-11-2023 09:40:36.0973957 OTHER: The lower you are, the higher your mind will want to soar.
05-11-2023 09:40:36.0976442 ERROR: Received Unknown error from exchange (King), message: This should never happen, now we are in trouble!!!
05-11-2023 09:40:36.0977860 DEBUG: Received heartbeat from exchange *Knight*
05-11-2023 09:40:36.0979100 CRIT: Over clocked servers gone all silly again !!! blame it on the sun spots!!!
05-11-2023 09:40:36.0980215 INFO: Received reponse from exchange [Queen] for [delete] with id [RSP-88296]
05-11-2023 09:40:36.3623129 WARN: Received unexpected code {six} from server {Dragon}
05-11-2023 09:40:36.3624889 INFO: Sleeping for 406206ms, because there is nothing to do
05-11-2023 09:40:36.3625707 ERROR: No message from exchange (Knight) for over 152583us, sending heartbeat and reconnection request
05-11-2023 09:40:36.3626666 ERROR: Unable to find order ORD-523950 sent to exchange (Knight)
05-11-2023 09:40:36.3627419 INFO: Creating additional connection object for exchange [King]
05-11-2023 09:40:36.3628177 DEBUG: Continuing to process order *update*
05-11-2023 09:40:36.3628904 WARN: Unknown order {update} from exchange {Bishop}, notifying server {Dragon}
05-11-2023 09:40:36.4716599 INFO: Requesting resend of message from server [Unicorn] with code [seven]
05-11-2023 09:40:36.4718140 DEBUG: Recreating message with new code NEWC-54745
05-11-2023 09:40:36.4719674 INFO: Sending order type [update] to exchange [Queen]
05-11-2023 09:40:36.4720948 INFO: Received awake call from server [Dragon] with code [six]
05-11-2023 09:40:36.5982234 OTHER: It is all a matter of time scale. An event that would be unthinkable in a hundred years may be inevitable in a hundred million years - Carl Sagan
05-11-2023 09:40:36.5985748 DEBUG: Creating exchange message: *add* for exchange *Knight*
05-11-2023 09:40:36.5987523 DEBUG: Useless debug message, because dubug is full of these
05-11-2023 09:40:36.5988379 DEBUG: Finished loop
05-11-2023 09:40:36.5989121 DEBUG: Finished loop
05-11-2023 09:40:36.5989859 INFO: Creating additional connection object for exchange [Queen]
05-11-2023 09:40:36.5990674 INFO: Writing raw data to file for order code [seven] message id: ORD-75
05-11-2023 09:40:36.5992175 INFO: Checking for consistency of processing times between [Dragon] and [Griffin]
05-11-2023 09:40:36.5993168 DEBUG: Received heartbeat from exchange *Queen*
05-11-2023 09:40:37.2762194 DEBUG: Exiting unimportant code area
05-11-2023 09:40:37.2764435 DEBUG: Received heartbeat from exchange *Queen*
05-11-2023 09:40:37.2765854 DEBUG: Useless debug message, because dubug is full of these
05-11-2023 09:40:37.2767372 OTHER: When your own life is threatened, your sense of empathy is blunted by a terrible, selfish hunger for survival
05-11-2023 09:40:37.5113481 INFO: Checking for consistency of processing times between [Dragon] and [Phoenix]
05-11-2023 09:40:37.5115273 DEBUG: String processing of order *timing*
05-11-2023 09:40:37.5116084 DEBUG: Finished loop
05-11-2023 09:40:37.5116824 DEBUG: Creating exchange message: *timing* for exchange *Rook*
05-11-2023 09:40:37.5117600 DEBUG: Pinging server *Phoenix*
05-11-2023 09:40:37.5118341 DEBUG: Recreating message with new code NEWC-02877
05-11-2023 09:40:37.5119103 INFO: Sending order type [add] to exchange [Bishop]
05-11-2023 09:40:37.5119995 INFO: Sleeping for 599617ms, because there is nothing to do
05-11-2023 09:40:37.5120899 DEBUG: Recreating message with new code NEWC-2983
05-11-2023 09:40:37.5121750 OTHER: Mathematics seems to endow one with something like a new sense - Darwin, Charles
05-11-2023 09:40:39.3950688 OTHER: Don't forget to design your code to be plugable, ie extra features can be added via a simple extendable interface
05-11-2023 09:40:40.9986295 INFO: Creating additional connection object for exchange [Rook]
05-11-2023 09:40:40.9988274 DEBUG: String processing of order *timing*
05-11-2023 09:40:40.9989072 DEBUG: Sending keep alive to exchange *Knight*
05-11-2023 09:40:40.9989813 DEBUG: String processing of order *update*
05-11-2023 09:40:40.9990581 INFO: Unable to commmunicate with transport from [Griffin] for code [eight]
05-11-2023 09:40:40.9991297 INFO: Starting processing of order [update]
05-11-2023 09:40:40.9992021 INFO: Unable to commmunicate with transport from [Griffin] for code [nine]
05-11-2023 09:40:41.0140186 WARN: Unable to create order {additional_info} due to waiting batch response from exchange {Bishop}
05-11-2023 09:40:41.0142548 INFO: Sending order type [delete] to exchange [Rook]
05-11-2023 09:40:41.0143702 WARN: Delay of 557522us in receiving response from server {Unicorn}, halting order processing from exchange {King}
05-11-2023 09:40:41.0144667 OTHER: Nature hides her secrets because of her essential loftiness, but not by means of ruse - Einstein, Albert
05-11-2023 09:40:41.0145411 DEBUG: Recreating message with new code NEWC-033753
05-11-2023 09:40:41.0146168 INFO: Aggregating tick from exchange [King] to [Dragon]
05-11-2023 09:40:41.0899592 DEBUG: Sending keep alive to exchange *Rook*
05-11-2023 09:40:41.0901685 DEBUG: Received code: *nine* what should i do with this?
05-11-2023 09:40:41.0902823 DEBUG: Received ping from server *Unicorn*
05-11-2023 09:40:41.0903912 OTHER: It is all a matter of time scale. An event that would be unthinkable in a hundred years may be inevitable in a hundred million years - Carl Sagan
05-11-2023 09:40:43.0117161 OTHER: The lower you are, the higher your mind will want to soar.
05-11-2023 09:40:44.6249167 INFO: Starting batch mode for exchange [Queen]
05-11-2023 09:40:44.6251552 INFO: Writing raw data to file for order code [two] message id: ORD-1857
05-11-2023 09:40:44.6252404 INFO: Starting processing of order [update]
05-11-2023 09:40:46.4539149 INFO: Writing raw data to file for order code [two] message id: ORD-011354
05-11-2023 09:40:48.4520008 INFO: Sending order type [additional_info] to exchange [Knight]
05-11-2023 09:40:48.4522724 INFO: Sending order type [delete] to exchange [Bishop]
05-11-2023 09:40:48.4523586 DEBUG: Useless debug message, because dubug is full of these
05-11-2023 09:40:48.4524793 DEBUG: Entering unimportant code area!!!
05-11-2023 09:40:48.4525610 ERROR: Received Unknown error from exchange (Rook), message: This should never happen, now we are in trouble!!!
05-11-2023 09:40:48.4526996 DEBUG: Recreating message with new code NEWC-37
05-11-2023 09:40:48.4527820 ERROR: Received Unknown error from exchange (Queen), message: This should never happen, now we are in trouble!!!
05-11-2023 09:40:48.4528555 INFO: Creating additional connection object for exchange [Rook]
05-11-2023 09:40:48.4529271 DEBUG: Received code: *nine* what should i do with this?
05-11-2023 09:40:48.4530042 INFO: Writing raw data to file for order code [eight] message id: ORD-4603
05-11-2023 09:40:48.6887920 DEBUG: Exiting unimportant code area
05-11-2023 09:40:48.6890811 ERROR: Receiving data a few usec slower now, microwave playing up again
05-11-2023 09:40:48.6891718 DEBUG: Received ping from server *Unicorn*
05-11-2023 09:40:48.6892564 DEBUG: Received ping from server *Phoenix*
05-11-2023 09:40:50.2600330 CRIT: Wow this is serious exchange <Bishop> has not ack'ed our order ORD-4084 at all!!!!
05-11-2023 09:40:50.2601913 DEBUG: Useless debug message, because dubug is full of these
05-11-2023 09:40:50.2602641 DEBUG: Finished loop
05-11-2023 09:40:50.2603339 DEBUG: Exiting unimportant code area
05-11-2023 09:40:50.2603857 INFO: Unable to commmunicate with transport from [Phoenix] for code [four]
05-11-2023 09:40:52.1883420 INFO: Unable to commmunicate with transport from [Phoenix] for code [nine]
05-11-2023 09:40:53.6265237 DEBUG: Sending keep alive to exchange *Knight*
05-11-2023 09:40:53.6267014 DEBUG: Sending keep alive to exchange *Rook*
05-11-2023 09:40:53.6267933 ERROR: Unable to contact server (Unicorn), this keeps happening can someone from X team please fix this
05-11-2023 09:40:53.6268743 INFO: Received reponse from exchange [King] for [update] with id [RSP-988471]
05-11-2023 09:40:53.6269513 WARN: {Griffin} slow consumer, no response for 60us, throttling message to server
05-11-2023 09:40:53.6270243 DEBUG: Pinging server *Unicorn*
05-11-2023 09:40:53.6270974 DEBUG: Continuing to process order *update*
05-11-2023 09:40:53.6271694 INFO: Requesting resend of message from server [Phoenix] with code [seven]
05-11-2023 09:40:53.6272422 ERROR: Unexpected field in message MSG-38 from exchange (Queen), reverting previous processing
05-11-2023 09:40:55.4563394 DEBUG: Starting loop
05-11-2023 09:40:55.4565801 DEBUG: Received heartbeat from exchange *King*
05-11-2023 09:40:55.4566859 CRIT: Servers <Dragon> and <Griffin> are both down!!!! now we are running at half capacity in a busy marketReceived order <update> for code <ten> errr that wasn't supposed to happen
05-11-2023 09:40:55.4567776 ERROR: Unable to contact server (Griffin), this keeps happening can someone from X team please fix this
05-11-2023 09:40:55.4568513 DEBUG: Creating exchange message: *delete* for exchange *Bishop*
05-11-2023 09:40:55.4569237 DEBUG: Exiting unimportant code area
05-11-2023 09:40:55.4569978 ERROR: Unable to find order ORD-68999 sent to exchange (Rook)
05-11-2023 09:40:57.4055573 DEBUG: Sending keep alive to exchange *Rook*
05-11-2023 09:40:57.4057602 ERROR: Unable to find order ORD-70 sent to exchange (King)
05-11-2023 09:40:57.4058451 INFO: Requesting resend of message from server [Dragon] with code [five]
05-11-2023 09:40:57.4059228 DEBUG: Entering unimportant code area!!!
05-11-2023 09:40:57.4059992 ERROR: Received Unknown error from exchange (King), message: This should never happen, now we are in trouble!!!
05-11-2023 09:40:57.4060728 DEBUG: Received heartbeat from exchange *Bishop*
05-11-2023 09:40:57.7459460 DEBUG: Recreating message with new code NEWC-699
05-11-2023 09:40:57.7461789 ERROR: Received Unknown error from exchange (Bishop), message: This should never happen, now we are in trouble!!!
05-11-2023 09:40:57.7462760 DEBUG: Received ping from server *Phoenix*
05-11-2023 09:40:57.7463637 DEBUG: Exiting unimportant code area
05-11-2023 09:40:57.7464369 ERROR: Unable to find order ORD-004 sent to exchange (Knight)
05-11-2023 09:40:57.7465093 DEBUG: Continuing to process order *update*
05-11-2023 09:40:57.7466018 INFO: Requesting resend of message from server [Unicorn] with code [one]
05-11-2023 09:40:58.8522771 DEBUG: Recreating message with new code NEWC-8150
05-11-2023 09:40:58.8525299 DEBUG: Received heartbeat from exchange *Knight*
05-11-2023 09:40:58.8526411 DEBUG: Finished loop
05-11-2023 09:40:58.8527180 ERROR: Unable to contact server (Unicorn), this keeps happening can someone from X team please fix this
05-11-2023 09:40:58.8528261 DEBUG: Useless debug message, because dubug is full of these
05-11-2023 09:40:58.8529439 INFO: Received awake call from server [Phoenix] with code [seven]
05-11-2023 09:40:59.1645786 INFO: Unable to commmunicate with transport from [Dragon] for code [nine]
05-11-2023 09:40:59.1647938 ERROR: Unexpected field in message MSG-305 from exchange (King), reverting previous processing
05-11-2023 09:40:59.1648749 INFO: Requesting resend of message from server [Unicorn] with code [eight]
05-11-2023 09:40:59.1649500 ERROR: Receiving data a few usec slower now, microwave playing up again
05-11-2023 09:40:59.1650226 DEBUG: Pinging server *Phoenix*
05-11-2023 09:40:59.1651258 DEBUG: Exiting unimportant code area
05-11-2023 09:40:59.1652000 INFO: Checking for consistency of processing times between [Griffin] and [Unicorn]
05-11-2023 09:40:59.1652712 DEBUG: Useless debug message, because dubug is full of these
05-11-2023 09:40:59.1653619 DEBUG: Received heartbeat from exchange *Bishop*
05-11-2023 09:40:59.1654841 DEBUG: Entering unimportant code area!!!
05-11-2023 09:40:59.8381145 DEBUG: Continuing to process order *timing*
05-11-2023 09:40:59.8383108 INFO: Aggregating tick from exchange [Bishop] to [Unicorn]
05-11-2023 09:40:59.8383903 INFO: Received awake call from server [Unicorn] with code [nine]
05-11-2023 09:40:59.8384712 INFO: Received awake call from server [Dragon] with code [eight]
05-11-2023 09:40:59.8385456 INFO: Received reponse from exchange [Knight] for [additional_info] with id [RSP-440]
05-11-2023 09:41:01.0896049 DEBUG: Continuing to process order *update*
05-11-2023 09:41:01.0898324 DEBUG: Starting loop
05-11-2023 09:41:01.0899171 INFO: Starting processing of order [add]
05-11-2023 09:41:01.0899948 ERROR: Un-requested message from exchange (Knight): ooops this was not suppoed to happen, what are we supposed to do now!!!
05-11-2023 09:41:01.0900743 ERROR: Unable to find order ORD-277903 sent to exchange (Rook)
05-11-2023 09:41:01.0901582 WARN: {Dragon} slow consumer, no response for 1645us, throttling message to server
05-11-2023 09:41:03.0487467 DEBUG: Creating exchange message: *delete* for exchange *Bishop*
05-11-2023 09:41:03.0490154 DEBUG: Received ping from server *Griffin*
05-11-2023 09:41:03.0491048 OTHER: It is all a matter of time scale. An event that would be unthinkable in a hundred years may be inevitable in a hundred million years - Carl Sagan
05-11-2023 09:41:03.0492079 DEBUG: Useless debug message, because dubug is full of these
05-11-2023 09:41:03.0492847 INFO: Starting processing of order [update]
05-11-2023 09:41:03.0493610 INFO: Unable to commmunicate with transport from [Phoenix] for code [one]
05-11-2023 09:41:03.0494335 INFO: Checking for consistency of processing times between [Unicorn] and [Unicorn]
05-11-2023 09:41:03.0495056 DEBUG: Recreating message with new code NEWC-424
05-11-2023 09:41:03.9297246 DEBUG: Recreating message with new code NEWC-7823
05-11-2023 09:41:04.1924068 DEBUG: Recreating message with new code NEWC-06849
05-11-2023 09:41:04.1926326 DEBUG: Finished loop
05-11-2023 09:41:04.1927734 INFO: Creating additional connection object for exchange [Rook]
05-11-2023 09:41:04.1929016 INFO: Sleeping for 293ms, because there is nothing to do
05-11-2023 09:41:04.1930244 INFO: Starting processing of order [add]
05-11-2023 09:41:04.1931386 OTHER: The lower you are, the higher your mind will want to soar.
05-11-2023 09:41:05.7265256 DEBUG: Entering unimportant code area!!!
05-11-2023 09:41:05.7267898 DEBUG: Received code: *ten* what should i do with this?
05-11-2023 09:41:05.7268751 DEBUG: Useless debug message, because dubug is full of these
05-11-2023 09:41:06.7091167 DEBUG: Creating exchange message: *delete* for exchange *Queen*
05-11-2023 09:41:06.7093827 INFO: Received reponse from exchange [Knight] for [delete] with id [RSP-691862]
05-11-2023 09:41:06.7095064 INFO: Checking for consistency of processing times between [Dragon] and [Unicorn]
05-11-2023 09:41:06.7095854 INFO: Sleeping for 15ms, because there is nothing to do
05-11-2023 09:41:07.9031754 DEBUG: Pinging server *Griffin*
05-11-2023 09:41:07.9033482 DEBUG: Recreating message with new code NEWC-805
05-11-2023 09:41:07.9034346 INFO: Aggregating tick from exchange [Queen] to [Dragon]
05-11-2023 09:41:07.9035412 ERROR: No message from exchange (Rook) for over 784us, sending heartbeat and reconnection request
05-11-2023 09:41:08.6677574 ERROR: Unable to contact server (Phoenix), this keeps happening can someone from X team please fix this
05-11-2023 09:41:08.6679832 DEBUG: Finished loop
05-11-2023 09:41:09.9352478 DEBUG: Continuing to process order *update*
05-11-2023 09:41:11.3668023 OTHER: The lower you are, the higher your mind will want to soar.
05-11-2023 09:41:11.3670223 OTHER: Nature hides her secrets because of her essential loftiness, but not by means of ruse - Einstein, Albert
05-11-2023 09:41:11.3671067 DEBUG: Finished loop
05-11-2023 09:41:11.3672130 INFO: Starting batch mode for exchange [Queen]
05-11-2023 09:41:11.3672991 DEBUG: Creating exchange message: *delete* for exchange *Rook*
05-11-2023 09:41:11.3673761 INFO: Aggregating tick from exchange [Rook] to [Griffin]
05-11-2023 09:41:13.2687941 DEBUG: Exiting unimportant code area
05-11-2023 09:41:13.2689684 DEBUG: Recreating message with new code NEWC-631115
05-11-2023 09:41:13.2690263 DEBUG: Exiting unimportant code area
05-11-2023 09:41:13.2690769 DEBUG: Exiting unimportant code area
05-11-2023 09:41:13.8370917 WARN: {Dragon} slow consumer, no response for 96668us, throttling message to server
05-11-2023 09:41:13.8373956 DEBUG: Received ping from server *Phoenix*
05-11-2023 09:41:13.8375119 DEBUG: Received ping from server *Phoenix*
05-11-2023 09:41:13.8375928 OTHER: Know evcerything thats is on the CV, looks bad if you cannot answer questions about things on your own CV
05-11-2023 09:41:13.8376684 INFO: Checking for consistency of processing times between [Phoenix] and [Dragon]
05-11-2023 09:41:13.8377441 DEBUG: String processing of order *add*
05-11-2023 09:41:13.8378438 OTHER: Know evcerything thats is on the CV, looks bad if you cannot answer questions about things on your own CV
05-11-2023 09:41:15.5018273 INFO: 
Exchange order message timing output
  Exchange            Order recv nu  X (us)
      King           timing   16036     146
      King           update   14566    1007
      King           delete   14758     396
      King              add   16547     507
      King  additional_info   11987     890
     Queen           timing    9927     792
     Queen           update    9070    1080
     Queen           delete   10519     525
     Queen              add   13843     752
     Queen  additional_info   11379    1022
    Bishop           timing   10602     456
    Bishop           update   16884     568
    Bishop           delete   18192     537
    Bishop              add   10828     460
    Bishop  additional_info   16053     797
      Rook           timing   18434     101
      Rook           update   15988    1006
      Rook           delete   10399     219
      Rook              add   13035     693
      Rook  additional_info    9200     930
    Knight           timing   10165     566
    Knight           update   15715    1081
    Knight           delete   18708     431
    Knight              add   12184     683
    Knight  additional_info   14399    1366

05-11-2023 09:41:15.5020028 DEBUG: String processing of order *delete*
05-11-2023 09:41:15.5020959 INFO: Received awake call from server [Phoenix] with code [two]
05-11-2023 09:41:15.5021853 INFO: Received reponse from exchange [King] for [timing] with id [RSP-713]
05-11-2023 09:41:15.5022725 INFO: Aggregating tick from exchange [Rook] to [Dragon]
05-11-2023 09:41:15.5023573 DEBUG: Received ping from server *Dragon*
05-11-2023 09:41:15.5024412 OTHER: The most beautiful thing we can experience is the mysterious. It is the source of all true art and science - Einstein, Albert
05-11-2023 09:41:15.6266345 DEBUG: Useless debug message, because dubug is full of these
05-11-2023 09:41:17.3991932 DEBUG: Received heartbeat from exchange *Bishop*
05-11-2023 09:41:17.3993288 WARN: Reconnection request received from {Dragon}, sleeping 013015ms before reconnecting
05-11-2023 09:41:18.2388266 WARN: Received unexpected code {six} from server {Phoenix}
05-11-2023 09:41:18.2390282 CRIT: Wow this is serious exchange <King> has not ack'ed our order ORD-618 at all!!!!
05-11-2023 09:41:18.2391102 DEBUG: Useless debug message, because dubug is full of these
05-11-2023 09:41:18.2392271 INFO: Sending order type [timing] to exchange [King]
05-11-2023 09:41:18.2393052 OTHER: Nature hides her secrets because of her essential loftiness, but not by means of ruse - Einstein, Albert
05-11-2023 09:41:18.2393776 OTHER: Don't forget to design your code to be plugable, ie extra features can be added via a simple extendable interface
05-11-2023 09:41:19.4654164 INFO: Received reponse from exchange [King] for [add] with id [RSP-56]
05-11-2023 09:41:19.4656481 OTHER: Nature hides her secrets because of her essential loftiness, but not by means of ruse - Einstein, Albert
05-11-2023 09:41:19.4657487 WARN: Delay of 898723us in receiving response from server {Griffin}, halting order processing from exchange {Queen}
05-11-2023 09:41:19.4658517 DEBUG: Useless debug message, because dubug is full of these
05-11-2023 09:41:19.4659309 INFO: Starting batch mode for exchange [Rook]
05-11-2023 09:41:19.4660032 DEBUG: Entering unimportant code area!!!
05-11-2023 09:41:19.4660527 DEBUG: Starting loop
05-11-2023 09:41:20.6255385 OTHER: All true artists, whether they know it or not, create from a place of no-mind, from inner stillness. – Eckhart Tolle
05-11-2023 09:41:20.6257961 DEBUG: Pinging server *Phoenix*
05-11-2023 09:41:20.6259035 DEBUG: Creating exchange message: *add* for exchange *King*
05-11-2023 09:41:20.6259844 OTHER: Mathematics seems to endow one with something like a new sense - Darwin, Charles
05-11-2023 09:41:20.6260798 ERROR: Unexpected field in message MSG-7235 from exchange (Queen), reverting previous processing
05-11-2023 09:41:21.7270274 DEBUG: Sending keep alive to exchange *Bishop*
05-11-2023 09:41:21.7272643 WARN: Unknown order {timing} from exchange {Knight}, notifying server {Griffin}
05-11-2023 09:41:22.3894796 OTHER: Let go, or be dragged - Zen Proverb
05-11-2023 09:41:22.3896464 DEBUG: Exiting unimportant code area
05-11-2023 09:41:22.3897254 DEBUG: Recreating message with new code NEWC-28
05-11-2023 09:41:22.3898074 DEBUG: Starting loop
05-11-2023 09:41:22.3898984 DEBUG: Entering unimportant code area!!!
05-11-2023 09:41:22.3899911 DEBUG: Entering unimportant code area!!!
05-11-2023 09:41:23.7243089 INFO: Writing raw data to file for order code [five] message id: ORD-850926
05-11-2023 09:41:23.7244566 DEBUG: Starting loop
05-11-2023 09:41:23.7245119 INFO: Unable to commmunicate with transport from [Dragon] for code [ten]
05-11-2023 09:41:23.7245674 DEBUG: Received heartbeat from exchange *Queen*
05-11-2023 09:41:23.7246428 DEBUG: String processing of order *delete*
05-11-2023 09:41:23.7247218 INFO: Sending order type [timing] to exchange [Rook]
05-11-2023 09:41:23.7247980 INFO: Requesting resend of message from server [Phoenix] with code [nine]
05-11-2023 09:41:24.9469867 INFO: Sending order type [timing] to exchange [Bishop]
05-11-2023 09:41:24.9471478 WARN: {Phoenix} slow consumer, no response for 486us, throttling message to server
05-11-2023 09:41:24.9472260 DEBUG: Creating exchange message: *timing* for exchange *King*
05-11-2023 09:41:24.9473010 DEBUG: Received heartbeat from exchange *Bishop*
05-11-2023 09:41:24.9473843 INFO: Unable to commmunicate with transport from [Phoenix] for code [eight]
05-11-2023 09:41:24.9474579 OTHER: I had no idea a living being could sustain so much injury and go on living
05-11-2023 09:41:24.9475295 INFO: Checking for consistency of processing times between [Griffin] and [Phoenix]
05-11-2023 09:41:26.3973263 OTHER: Don't forget to design your code to be plugable, ie extra features can be added via a simple extendable interface
05-11-2023 09:41:27.7390816 DEBUG: Continuing to process order *add*
05-11-2023 09:41:27.7393846 DEBUG: Received heartbeat from exchange *Rook*
05-11-2023 09:41:27.7395127 INFO: Starting processing of order [timing]
05-11-2023 09:41:27.7395913 INFO: Aggregating tick from exchange [King] to [Dragon]
05-11-2023 09:41:27.7396655 DEBUG: Useless debug message, because dubug is full of these
05-11-2023 09:41:27.7397433 INFO: Creating additional connection object for exchange [Knight]
05-11-2023 09:41:27.7398173 INFO: Writing raw data to file for order code [ten] message id: ORD-12
05-11-2023 09:41:27.7398900 ERROR: Receiving data a few usec slower now, microwave playing up again
05-11-2023 09:41:27.7399632 OTHER: Following good software engineering, ie have some unit tests, it'll save you so much time in the long run
05-11-2023 09:41:29.1517212 DEBUG: Received code: *eight* what should i do with this?
05-11-2023 09:41:29.1519073 INFO: Received awake call from server [Phoenix] with code [five]
05-11-2023 09:41:29.1520104 DEBUG: Pinging server *Griffin*
05-11-2023 09:41:29.1521426 INFO: Checking for consistency of processing times between [Dragon] and [Griffin]
05-11-2023 09:41:29.1522692 INFO: Aggregating tick from exchange [King] to [Unicorn]
05-11-2023 09:41:29.1523467 ERROR: Unable to contact server (Phoenix), this keeps happening can someone from X team please fix this
05-11-2023 09:41:29.1524233 DEBUG: Continuing to process order *additional_info*
05-11-2023 09:41:29.1524988 WARN: Delay of 494977us in receiving response from server {Griffin}, halting order processing from exchange {Rook}
05-11-2023 09:41:29.1525716 OTHER: Have unit tests in your code on github listed on CV's it shows better software engineering
05-11-2023 09:41:29.2774722 DEBUG: Received heartbeat from exchange *Queen*
05-11-2023 09:41:29.2777339 DEBUG: String processing of order *update*
05-11-2023 09:41:29.2778319 INFO: Starting batch mode for exchange [Knight]
05-11-2023 09:41:29.2779090 DEBUG: Received code: *three* what should i do with this?
05-11-2023 09:41:29.2779942 ERROR: Receiving data a few usec slower now, microwave playing up again
05-11-2023 09:41:29.2780677 WARN: Feed group for exchange {King} missing starting group GP-15, exchange response: Did not know we were supposed to do this, better get this implementated ASAP!!!
05-11-2023 09:41:29.4025190 INFO: Writing raw data to file for order code [two] message id: ORD-4218
05-11-2023 09:41:29.4027686 INFO: Sleeping for 33ms, because there is nothing to do
05-11-2023 09:41:29.6382609 INFO: Sending order type [delete] to exchange [King]
05-11-2023 09:41:29.6385125 DEBUG: String processing of order *timing*
05-11-2023 09:41:29.6385946 INFO: Writing raw data to file for order code [ten] message id: ORD-420428
05-11-2023 09:41:30.0134408 INFO: Aggregating tick from exchange [Queen] to [Unicorn]
05-11-2023 09:41:30.0136590 ERROR: No message from exchange (Queen) for over 568606us, sending heartbeat and reconnection request
05-11-2023 09:41:30.0137686 DEBUG: Exiting unimportant code area
05-11-2023 09:41:30.0138641 INFO: Received awake call from server [Dragon] with code [eight]
05-11-2023 09:41:30.0139847 DEBUG: Entering unimportant code area!!!
05-11-2023 09:41:30.1718294 WARN: Delay of 01us in receiving response from server {Griffin}, halting order processing from exchange {Queen}
05-11-2023 09:41:31.2699117 INFO: Writing raw data to file for order code [three] message id: ORD-468
05-11-2023 09:41:31.2701212 DEBUG: Finished loop
05-11-2023 09:41:31.2702041 DEBUG: Creating exchange message: *delete* for exchange *Rook*
05-11-2023 09:41:31.5220018 INFO: Sending order type [add] to exchange [Bishop]
05-11-2023 09:41:31.5221799 INFO: Sending order type [update] to exchange [Queen]
05-11-2023 09:41:31.5222624 DEBUG: Received heartbeat from exchange *Knight*
05-11-2023 09:41:31.5223593 ERROR: No message from exchange (Bishop) for over 24us, sending heartbeat and reconnection request
05-11-2023 09:41:33.0122342 OTHER: When you realize nothing is lacking, the whole world belongs to you. - Lao Tzu
05-11-2023 09:41:33.0124906 INFO: Requesting resend of message from server [Phoenix] with code [five]
05-11-2023 09:41:33.0125769 INFO: Writing raw data to file for order code [five] message id: ORD-72
05-11-2023 09:41:33.0126522 DEBUG: Exiting unimportant code area
05-11-2023 09:41:33.0127299 DEBUG: String processing of order *additional_info*
05-11-2023 09:41:33.0128227 DEBUG: Received heartbeat from exchange *Bishop*
05-11-2023 09:41:33.0129077 DEBUG: Pinging server *Griffin*
05-11-2023 09:41:33.0129921 OTHER: The lower you are, the higher your mind will want to soar.
05-11-2023 09:41:33.0130759 INFO: Starting processing of order [additional_info]
05-11-2023 09:41:33.0131597 INFO: Aggregating tick from exchange [Knight] to [Phoenix]
05-11-2023 09:41:34.9604222 INFO: Aggregating tick from exchange [Knight] to [Griffin]
05-11-2023 09:41:35.7907692 OTHER: Nature hides her secrets because of her essential loftiness, but not by means of ruse - Einstein, Albert
05-11-2023 09:41:35.7909734 DEBUG: Received code: *six* what should i do with this?
05-11-2023 09:41:35.7910634 DEBUG: Creating exchange message: *timing* for exchange *Rook*
05-11-2023 09:41:35.7911410 DEBUG: Continuing to process order *additional_info*
05-11-2023 09:41:36.4029333 DEBUG: Received ping from server *Griffin*
05-11-2023 09:41:36.4031265 DEBUG: Finished loop
05-11-2023 09:41:36.4031878 WARN: {Phoenix} slow consumer, no response for 07us, throttling message to server
05-11-2023 09:41:36.4032654 INFO: Unable to commmunicate with transport from [Dragon] for code [nine]
05-11-2023 09:41:37.4858511 DEBUG: Creating exchange message: *add* for exchange *Queen*
05-11-2023 09:41:37.4860399 DEBUG: Creating exchange message: *add* for exchange *Rook*
05-11-2023 09:41:37.4861241 INFO: Writing raw data to file for order code [ten] message id: ORD-714
05-11-2023 09:41:37.4861988 DEBUG: Entering unimportant code area!!!
05-11-2023 09:41:37.4862734 OTHER: All that we are, is the result of what we have thought. The mind is everything. What we think, we become. - Buddha
05-11-2023 09:41:37.4863497 INFO: Requesting resend of message from server [Unicorn] with code [one]
05-11-2023 09:41:37.4864217 DEBUG: Continuing to process order *add*
05-11-2023 09:41:38.7577063 DEBUG: Received ping from server *Phoenix*
05-11-2023 09:41:38.7580062 ERROR: Unable to contact server (Dragon), this keeps happening can someone from X team please fix this
05-11-2023 09:41:38.7581418 DEBUG: Continuing to process order *timing*
05-11-2023 09:41:38.7582899 OTHER: Let go, or be dragged - Zen Proverb
05-11-2023 09:41:38.7584039 ERROR: Received Unknown error from exchange (King), message: This should never happen, now we are in trouble!!!
05-11-2023 09:41:38.7585147 DEBUG: String processing of order *delete*
05-11-2023 09:41:38.7586246 INFO: Sleeping for 35854ms, because there is nothing to do
05-11-2023 09:41:40.5589781 ERROR: Unexpected field in message MSG-87415 from exchange (Knight), reverting previous processing
05-11-2023 09:41:40.5592149 DEBUG: String processing of order *delete*
05-11-2023 09:41:40.5593450 DEBUG: Creating exchange message: *update* for exchange *King*
05-11-2023 09:41:40.5594643 DEBUG: String processing of order *timing*
05-11-2023 09:41:40.5595801 INFO: Unable to commmunicate with transport from [Unicorn] for code [six]
05-11-2023 09:41:40.5597106 ERROR: No message from exchange (King) for over 565706us, sending heartbeat and reconnection request
05-11-2023 09:41:40.5598505 INFO: Received reponse from exchange [Rook] for [timing] with id [RSP-96776]
05-11-2023 09:41:42.5091504 INFO: Sleeping for 537ms, because there is nothing to do
05-11-2023 09:41:42.5093235 DEBUG: Received heartbeat from exchange *Rook*
05-11-2023 09:41:42.5094166 WARN: Unable to create order {delete} due to waiting batch response from exchange {Knight}
05-11-2023 09:41:42.5095035 DEBUG: Useless debug message, because dubug is full of these
05-11-2023 09:41:42.5096054 INFO: Writing raw data to file for order code [six] message id: ORD-202264
05-11-2023 09:41:42.5097059 DEBUG: Exiting unimportant code area
05-11-2023 09:41:42.5097823 DEBUG: Recreating message with new code NEWC-854470
05-11-2023 09:41:42.5726062 INFO: Unable to commmunicate with transport from [Phoenix] for code [ten]
05-11-2023 09:41:42.5728098 OTHER: Nature hides her secrets because of her essential loftiness, but not by means of ruse - Einstein, Albert
05-11-2023 09:41:42.5729027 DEBUG: Pinging server *Phoenix*
05-11-2023 09:41:44.2240832 DEBUG: Exiting unimportant code area
05-11-2023 09:41:44.2242636 DEBUG: Pinging server *Unicorn*
05-11-2023 09:41:44.2243542 INFO: Writing raw data to file for order code [seven] message id: ORD-15
05-11-2023 09:41:44.2244567 DEBUG: Continuing to process order *add*
05-11-2023 09:41:45.6341917 INFO: Sending order type [delete] to exchange [Rook]
05-11-2023 09:41:45.6343922 INFO: Starting batch mode for exchange [Queen]
05-11-2023 09:41:45.6345075 DEBUG: Entering unimportant code area!!!
05-11-2023 09:41:45.6346016 DEBUG: Entering unimportant code area!!!
05-11-2023 09:41:45.6346823 DEBUG: Sending keep alive to exchange *Rook*
05-11-2023 09:41:45.6347566 DEBUG: Pinging server *Griffin*
05-11-2023 09:41:45.6348359 DEBUG: Continuing to process order *add*
05-11-2023 09:41:47.4012837 OTHER: If there is mention of any performance on your CV make sure you can back it up ie benchmarks
05-11-2023 09:41:47.4016157 DEBUG: Creating exchange message: *additional_info* for exchange *King*
05-11-2023 09:41:47.8670233 WARN: Received unknown message from exchange {Knight}, message: Its a slow day going to the kings head in 5 minutes anyone else wants to come?
05-11-2023 09:41:47.8672259 INFO: Creating additional connection object for exchange [Knight]
05-11-2023 09:41:47.8673528 ERROR: Unable to find order ORD-85880 sent to exchange (Rook)
05-11-2023 09:41:47.8674478 DEBUG: Received heartbeat from exchange *Rook*
05-11-2023 09:41:47.8675582 WARN: Received out of order message from exchange {Rook}
05-11-2023 09:41:47.8676380 DEBUG: Received heartbeat from exchange *Bishop*
05-11-2023 09:41:47.8677102 WARN: {Griffin} slow consumer, no response for 1620us, throttling message to server
05-11-2023 09:41:47.8677836 INFO: Starting processing of order [additional_info]
05-11-2023 09:41:47.8678550 DEBUG: Received heartbeat from exchange *Bishop*
05-11-2023 09:41:49.8193511 OTHER: Following good software engineering, ie have some unit tests, it'll save you so much time in the long run
05-11-2023 09:41:49.8195228 DEBUG: Received ping from server *Phoenix*
05-11-2023 09:41:49.8196075 INFO: Starting processing of order [update]
05-11-2023 09:41:49.8196861 DEBUG: Creating exchange message: *additional_info* for exchange *Bishop*
05-11-2023 09:41:49.8197626 DEBUG: Pinging server *Unicorn*
05-11-2023 09:41:49.8198393 ERROR: No message from exchange (King) for over 75us, sending heartbeat and reconnection request
05-11-2023 09:41:50.9560389 OTHER: All true artists, whether they know it or not, create from a place of no-mind, from inner stillness. – Eckhart Tolle
05-11-2023 09:41:51.2053362 OTHER: When you realize nothing is lacking, the whole world belongs to you. - Lao Tzu
05-11-2023 09:41:51.2055066 DEBUG: Exiting unimportant code area
05-11-2023 09:41:51.2055919 OTHER: The most beautiful thing we can experience is the mysterious. It is the source of all true art and science - Einstein, Albert
05-11-2023 09:41:51.2056771 DEBUG: Received code: *four* what should i do with this?
05-11-2023 09:41:52.0013366 INFO: Starting processing of order [timing]
05-11-2023 09:41:52.0015422 DEBUG: Pinging server *Griffin*
05-11-2023 09:41:52.0016214 INFO: Sleeping for 847ms, because there is nothing to do
05-11-2023 09:41:52.0017125 INFO: Sending order type [additional_info] to exchange [Knight]
05-11-2023 09:41:52.0018311 INFO: Sending order type [additional_info] to exchange [King]
05-11-2023 09:41:53.2923391 INFO: Aggregating tick from exchange [Knight] to [Griffin]
05-11-2023 09:41:53.2925535 INFO: Aggregating tick from exchange [Queen] to [Unicorn]
05-11-2023 09:41:53.2926862 INFO: Sleeping for 49ms, because there is nothing to do
05-11-2023 09:41:53.2927716 DEBUG: String processing of order *timing*
05-11-2023 09:41:53.2928449 INFO: Sending order type [update] to exchange [Knight]
05-11-2023 09:41:53.2929653 DEBUG: Continuing to process order *additional_info*
05-11-2023 09:41:53.7447354 WARN: Received out of order message from exchange {Knight}
05-11-2023 09:41:53.7448998 DEBUG: Finished loop
05-11-2023 09:41:53.7449879 INFO: Starting batch mode for exchange [Rook]
05-11-2023 09:41:53.7450699 DEBUG: Sending keep alive to exchange *Queen*
05-11-2023 09:41:53.7451442 INFO: Starting batch mode for exchange [Knight]
05-11-2023 09:41:53.7452181 OTHER: Mathematics seems to endow one with something like a new sense - Darwin, Charles
05-11-2023 09:41:53.7452947 INFO: Sending order type [update] to exchange [Rook]
05-11-2023 09:41:53.7453693 OTHER: Nature hides her secrets because of her essential loftiness, but not by means of ruse - Einstein, Albert
05-11-2023 09:41:55.3533125 ERROR: Received Unknown error from exchange (Queen), message: This should never happen, now we are in trouble!!!
05-11-2023 09:41:55.3536069 DEBUG: Finished loop
05-11-2023 09:41:55.3536989 DEBUG: Entering unimportant code area!!!
05-11-2023 09:41:55.3537791 DEBUG: Received code: *five* what should i do with this?
05-11-2023 09:41:55.3538520 DEBUG: Received heartbeat from exchange *Queen*
05-11-2023 09:41:55.3539282 DEBUG: Received ping from server *Dragon*
05-11-2023 09:41:55.3540002 DEBUG: Received ping from server *Griffin*
05-11-2023 09:41:55.3540790 OTHER: I had no idea a living being could sustain so much injury and go on living
05-11-2023 09:41:55.3541544 INFO: Received reponse from exchange [King] for [timing] with id [RSP-2265]
05-11-2023 09:41:55.3542349 DEBUG: Recreating message with new code NEWC-722600
05-11-2023 09:41:55.3859692 INFO: Writing raw data to file for order code [five] message id: ORD-20855
05-11-2023 09:41:55.3862249 INFO: Starting processing of order [delete]
05-11-2023 09:41:55.3863127 DEBUG: Starting loop
05-11-2023 09:41:55.3863881 DEBUG: Exiting unimportant code area
05-11-2023 09:41:55.3864705 WARN: Reconnection request received from {Griffin}, sleeping 844665ms before reconnecting
05-11-2023 09:41:55.3865569 DEBUG: Finished loop
05-11-2023 09:41:55.3866403 INFO: Sending order type [add] to exchange [Knight]
05-11-2023 09:41:56.7881162 DEBUG: Entering unimportant code area!!!
05-11-2023 09:41:56.7883173 INFO: Checking for consistency of processing times between [Griffin] and [Phoenix]
05-11-2023 09:41:56.7883971 DEBUG: Sending keep alive to exchange *Queen*
05-11-2023 09:41:56.7884759 DEBUG: Continuing to process order *timing*
05-11-2023 09:41:56.7885499 OTHER: If there is mention of any performance on your CV make sure you can back it up ie benchmarks
05-11-2023 09:41:56.7886242 CRIT: Servers <Unicorn> and <Unicorn> are both down!!!! now we are running at half capacity in a busy marketReceived order <delete> for code <ten> errr that wasn't supposed to happen
05-11-2023 09:41:56.7886964 DEBUG: Received ping from server *Griffin*
05-11-2023 09:41:56.7887730 INFO: Aggregating tick from exchange [King] to [Unicorn]
05-11-2023 09:41:58.6221046 DEBUG: Recreating message with new code NEWC-214583
05-11-2023 09:41:58.6222793 INFO: Received awake call from server [Unicorn] with code [four]
05-11-2023 09:41:58.6223705 DEBUG: Received ping from server *Griffin*
05-11-2023 09:41:58.6224661 DEBUG: Continuing to process order *timing*
05-11-2023 09:41:58.6225639 INFO: Starting processing of order [timing]
05-11-2023 09:41:58.6226523 DEBUG: String processing of order *additional_info*
05-11-2023 09:41:58.6227389 DEBUG: Entering unimportant code area!!!
05-11-2023 09:41:58.6227919 DEBUG: Recreating message with new code NEWC-988939
05-11-2023 09:41:58.6228428 INFO: Requesting resend of message from server [Dragon] with code [four]
