05-11-2023 01:17:27.8106094 INFO: Author: Adrian Phung
05-11-2023 01:17:27.8107195 INFO: Copyright QRT 2023
05-11-2023 01:17:27.8107778 INFO: Application to simulate logging output of important production processes for use as part of the data feed analysis challenge
05-11-2023 01:17:27.8108308 INFO: durhack 2023
05-11-2023 01:17:27.8108822 INFO: The messages above must be included in all distributed files generated by this application.
05-11-2023 01:17:27.8109328 INFO: =============================================================================================================================
05-11-2023 01:17:27.8109909 ERROR: Unexpected field in message MSG-414213 from exchange (Knight), reverting previous processing
05-11-2023 01:17:27.8110453 WARN: Feed group for exchange {Knight} missing starting group GP-5623, exchange response: Did not know we were supposed to do this, better get this implementated ASAP!!!
05-11-2023 01:17:29.7000191 DEBUG: Received ping from server *Unicorn*
05-11-2023 01:17:29.7001975 WARN: Received unexpected code {three} from server {Dragon}
05-11-2023 01:17:29.7002846 DEBUG: Sending keep alive to exchange *Rook*
05-11-2023 01:17:29.7003615 DEBUG: Continuing to process order *delete*
05-11-2023 01:17:29.7004360 DEBUG: Received ping from server *Unicorn*
05-11-2023 01:17:29.7005165 ERROR: No message from exchange (Rook) for over 73us, sending heartbeat and reconnection request
05-11-2023 01:17:29.7005917 WARN: Delay of 095us in receiving response from server {Unicorn}, halting order processing from exchange {Rook}
05-11-2023 01:17:30.8105761 DEBUG: Recreating message with new code NEWC-04
05-11-2023 01:17:30.8108193 DEBUG: Exiting unimportant code area
05-11-2023 01:17:30.8109416 DEBUG: Received heartbeat from exchange *Bishop*
05-11-2023 01:17:30.8425382 DEBUG: Pinging server *Griffin*
05-11-2023 01:17:30.8427511 DEBUG: String processing of order *update*
05-11-2023 01:17:30.8428418 INFO: Starting processing of order [update]
05-11-2023 01:17:30.8429253 OTHER: The most beautiful thing we can experience is the mysterious. It is the source of all true art and science - Einstein, Albert
05-11-2023 01:17:30.8430029 ERROR: No message from exchange (Rook) for over 8801us, sending heartbeat and reconnection request
05-11-2023 01:17:30.8430774 INFO: Starting batch mode for exchange [Rook]
05-11-2023 01:17:30.8431505 DEBUG: Finished loop
05-11-2023 01:17:30.8432261 INFO: Aggregating tick from exchange [Rook] to [Unicorn]
05-11-2023 01:17:32.2672389 DEBUG: Useless debug message, because dubug is full of these
05-11-2023 01:17:32.2673744 DEBUG: Recreating message with new code NEWC-68872
05-11-2023 01:17:32.2674284 OTHER: Nature hides her secrets because of her essential loftiness, but not by means of ruse - Einstein, Albert
05-11-2023 01:17:32.2674872 ERROR: Unexpected field in message MSG-42096 from exchange (Bishop), reverting previous processing
05-11-2023 01:17:33.1585695 OTHER: The lower you are, the higher your mind will want to soar.
